[2025-12-10T17:13:23.035Z] Connection update: connecting
[2025-12-10T17:13:23.829Z] Connection update: undefined
[2025-12-10T17:13:23.829Z] QR Code received
[2025-12-10T17:13:47.788Z] Connection update: undefined
[2025-12-10T17:13:48.118Z] Connection update: close
[2025-12-10T17:13:48.119Z] Connection closed. Status: 515, Reason: Stream Errored (restart required)
[2025-12-10T17:13:48.119Z] Reconnection attempt 1/10 in 1000ms
[2025-12-10T17:13:49.137Z] Connection update: connecting
[2025-12-10T17:13:50.404Z] Connection update: open
[2025-12-10T17:13:50.404Z] Connection opened successfully
[2025-12-10T17:13:50.451Z] Connection update: undefined
[2025-12-10T17:14:33.769Z] Iniciando limpieza de recursos...[2025-12-12T13:33:42.456Z] Connection update: connecting
[2025-12-12T13:33:43.296Z] Connection update: undefined
[2025-12-12T13:33:43.296Z] QR Code received
[2025-12-12T13:34:05.539Z] Connection update: undefined
[2025-12-12T13:34:05.892Z] Connection update: close
[2025-12-12T13:34:05.892Z] Connection closed. Status: 515, Reason: Stream Errored (restart required)
[2025-12-12T13:34:05.893Z] Reconnection attempt 1/10 in 1000ms
[2025-12-12T13:34:06.916Z] Connection update: connecting
[2025-12-12T13:34:09.835Z] Connection update: open
[2025-12-12T13:34:09.835Z] Connection opened successfully
[2025-12-12T13:34:09.917Z] Connection update: undefined
[2025-12-12T13:39:52.577Z] Iniciando limpieza de recursos...
[2025-12-12T13:39:59.048Z] Connection update: connecting
[2025-12-12T13:40:00.395Z] Connection update: undefined
[2025-12-12T13:40:00.395Z] Connection update: open
[2025-12-12T13:40:00.396Z] Connection opened successfully
[2025-12-12T13:40:00.472Z] Connection update: undefined
[2025-12-12T13:40:10.314Z] Unhandled Rejection at: Promise {
  <rejected> AxiosError [AggregateError]: Error
      at AxiosError.from (file:///C:/Users/Joaquin/Desktop/bot2cc_emais/SigesBot-V3/node_modules/axios/lib/core/AxiosError.js:96:14)
      at RedirectableRequest.handleRequestError (file:///C:/Users/Joaquin/Desktop/bot2cc_emais/SigesBot-V3/node_modules/axios/lib/adapters/http.js:817:25)
      at RedirectableRequest.emit (node:events:524:28)
      at eventHandlers.<computed> (C:\Users\Joaquin\Desktop\bot2cc_emais\SigesBot-V3\node_modules\follow-redirects\index.js:49:24)
      at ClientRequest.emit (node:events:524:28)
      at emitErrorEvent (node:_http_client:101:11)
      at Socket.socketErrorListener (node:_http_client:504:5)
      at Socket.emit (node:events:524:28)
      at emitErrorNT (node:internal/streams/destroy:169:8)
      at emitErrorCloseNT (node:internal/streams/destroy:128:3)
      at Axios.request (file:///C:/Users/Joaquin/Desktop/bot2cc_emais/SigesBot-V3/node_modules/axios/lib/core/Axios.js:45:41)
      at process.processTicksAndRejections (node:internal/process/task_queues:95:5)
      at async validateUser (file:///C:/Users/Joaquin/Desktop/bot2cc_emais/SigesBot-V3/api/apiUsuarios.js:13:19)
      at async Object.ans_da97e002-3a9d-4be6-9ab9-ea71fb5eb78f (file:///C:/Users/Joaquin/Desktop/bot2cc_emais/SigesBot-V3/flows/flujoPrincipal.js:14:20)
      at async runContext (C:\Users\Joaquin\Desktop\bot2cc_emais\SigesBot-V3\node_modules\@builderbot\bot\dist\index.cjs:14528:25)
      at async cbEveryCtx (C:\Users\Joaquin\Desktop\bot2cc_emais\SigesBot-V3\node_modules\@builderbot\bot\dist\index.cjs:14559:17)
      at async resolveCbEveryCtx (C:\Users\Joaquin\Desktop\bot2cc_emais\SigesBot-V3\node_modules\@builderbot\bot\dist\index.cjs:14489:33)
      at async Object.promiseInFunc (C:\Users\Joaquin\Desktop\bot2cc_emais\SigesBot-V3\node_modules\@builderbot\bot\dist\index.cjs:14340:25)
      at async Queue.processItem (C:\Users\Joaquin\Desktop\bot2cc_emais\SigesBot-V3\node_modules\@builderbot\bot\dist\index.cjs:802:27)
      at async Promise.all (index 0) {
    code: 'ECONNREFUSED',
    errors: [ [Error], [Error] ],
    config: {
      transitional: [Object],
      adapter: [Array],
      transformRequest: [Array],
      transformResponse: [Array],
      timeout: 0,
      xsrfCookieName: 'XSRF-TOKEN',
      xsrfHeaderName: 'X-XSRF-TOKEN',
      maxContentLength: -1,
      maxBodyLength: -1,
      env: [Object],
      validateStatus: [Function: validateStatus],
      headers: [Object [AxiosHeaders]],
      method: 'get',
      url: 'http://localhost:3000/botusers?phone=5493515553529',
      allowAbsoluteUrls: true,
      data: undefined
    },
    request: Writable {
      _events: [Object],
      _writableState: [WritableState],
      _maxListeners: undefined,
      _options: [Object],
      _ended: true,
      _ending: true,
      _redirectCount: 0,
      _redirects: [],
      _requestBodyLength: 0,
      _requestBodyBuffers: [],
      _eventsCount: 3,
      _onNativeResponse: [Function (anonymous)],
      _currentRequest: [ClientRequest],
      _currentUrl: 'http://localhost:3000/botusers?phone=5493515553529',
      _timeout: null,
      [Symbol(shapeMode)]: true,
      [Symbol(kCapture)]: false
    },
    [cause]: AggregateError [ECONNREFUSED]: 
        at internalConnectMultiple (node:net:1122:18)
        at afterConnectMultiple (node:net:1689:7) {
      code: 'ECONNREFUSED',
      [errors]: [Array]
    }
  }
} reason: AxiosError [AggregateError]: Error
    at AxiosError.from (file:///C:/Users/Joaquin/Desktop/bot2cc_emais/SigesBot-V3/node_modules/axios/lib/core/AxiosError.js:96:14)
    at RedirectableRequest.handleRequestError (file:///C:/Users/Joaquin/Desktop/bot2cc_emais/SigesBot-V3/node_modules/axios/lib/adapters/http.js:817:25)
    at RedirectableRequest.emit (node:events:524:28)
    at eventHandlers.<computed> (C:\Users\Joaquin\Desktop\bot2cc_emais\SigesBot-V3\node_modules\follow-redirects\index.js:49:24)
    at ClientRequest.emit (node:events:524:28)
    at emitErrorEvent (node:_http_client:101:11)
    at Socket.socketErrorListener (node:_http_client:504:5)
    at Socket.emit (node:events:524:28)
    at emitErrorNT (node:internal/streams/destroy:169:8)
    at emitErrorCloseNT (node:internal/streams/destroy:128:3)
    at Axios.request (file:///C:/Users/Joaquin/Desktop/bot2cc_emais/SigesBot-V3/node_modules/axios/lib/core/Axios.js:45:41)
    at process.processTicksAndRejections (node:internal/process/task_queues:95:5)
    at async validateUser (file:///C:/Users/Joaquin/Desktop/bot2cc_emais/SigesBot-V3/api/apiUsuarios.js:13:19)
    at async Object.ans_da97e002-3a9d-4be6-9ab9-ea71fb5eb78f (file:///C:/Users/Joaquin/Desktop/bot2cc_emais/SigesBot-V3/flows/flujoPrincipal.js:14:20)
    at async runContext (C:\Users\Joaquin\Desktop\bot2cc_emais\SigesBot-V3\node_modules\@builderbot\bot\dist\index.cjs:14528:25)
    at async cbEveryCtx (C:\Users\Joaquin\Desktop\bot2cc_emais\SigesBot-V3\node_modules\@builderbot\bot\dist\index.cjs:14559:17)
    at async resolveCbEveryCtx (C:\Users\Joaquin\Desktop\bot2cc_emais\SigesBot-V3\node_modules\@builderbot\bot\dist\index.cjs:14489:33)
    at async Object.promiseInFunc (C:\Users\Joaquin\Desktop\bot2cc_emais\SigesBot-V3\node_modules\@builderbot\bot\dist\index.cjs:14340:25)
    at async Queue.processItem (C:\Users\Joaquin\Desktop\bot2cc_emais\SigesBot-V3\node_modules\@builderbot\bot\dist\index.cjs:802:27)
    at async Promise.all (index 0) {
  code: 'ECONNREFUSED',
  errors: [
    Error: connect ECONNREFUSED ::1:3000
        at createConnectionError (node:net:1652:14)
        at afterConnectMultiple (node:net:1682:16) {
      errno: -4078,
      code: 'ECONNREFUSED',
      syscall: 'connect',
      address: '::1',
      port: 3000
    },
    Error: connect ECONNREFUSED 127.0.0.1:3000
        at createConnectionError (node:net:1652:14)
        at afterConnectMultiple (node:net:1682:16) {
      errno: -4078,
      code: 'ECONNREFUSED',
      syscall: 'connect',
      address: '127.0.0.1',
      port: 3000
    }
  ],
  config: {
    transitional: {
      silentJSONParsing: true,
      forcedJSONParsing: true,
      clarifyTimeoutError: false
    },
    adapter: [ 'xhr', 'http', 'fetch' ],
    transformRequest: [ [Function: transformRequest] ],
    transformResponse: [ [Function: transformResponse] ],
    timeout: 0,
    xsrfCookieName: 'XSRF-TOKEN',
    xsrfHeaderName: 'X-XSRF-TOKEN',
    maxContentLength: -1,
    maxBodyLength: -1,
    env: { FormData: [Function], Blob: [class Blob] },
    validateStatus: [Function: validateStatus],
    headers: Object [AxiosHeaders] {
      Accept: 'application/json, text/plain, */*',
      'Content-Type': undefined,
      'User-Agent': 'axios/1.13.2',
      'Accept-Encoding': 'gzip, compress, deflate, br'
    },
    method: 'get',
    url: 'http://localhost:3000/botusers?phone=5493515553529',
    allowAbsoluteUrls: true,
    data: undefined
  },
  request: <ref *1> Writable {
    _events: {
      close: undefined,
      error: [Function: handleRequestError],
      prefinish: undefined,
      finish: undefined,
      drain: undefined,
      response: [Function: handleResponse],
      socket: [Array],
      abort: undefined
    },
    _writableState: WritableState {
      highWaterMark: 16384,
      length: 0,
      corked: 0,
      onwrite: [Function: bound onwrite],
      writelen: 0,
      bufferedIndex: 0,
      pendingcb: 0,
      [Symbol(kState)]: 17580812,
      [Symbol(kBufferedValue)]: null
    },
    _maxListeners: undefined,
    _options: {
      maxRedirects: 21,
      maxBodyLength: Infinity,
      protocol: 'http:',
      path: '/botusers?phone=5493515553529',
      method: 'GET',
      headers: [Object: null prototype],
      agents: [Object],
      auth: undefined,
      family: undefined,
      beforeRedirect: [Function: dispatchBeforeRedirect],
      beforeRedirects: [Object],
      http2Options: undefined,
      hostname: 'localhost',
      port: '3000',
      agent: undefined,
      nativeProtocols: [Object],
      pathname: '/botusers',
      search: '?phone=5493515553529'
    },
    _ended: true,
    _ending: true,
    _redirectCount: 0,
    _redirects: [],
    _requestBodyLength: 0,
    _requestBodyBuffers: [],
    _eventsCount: 3,
    _onNativeResponse: [Function (anonymous)],
    _currentRequest: ClientRequest {
      _events: [Object: null prototype],
      _eventsCount: 7,
      _maxListeners: undefined,
      outputData: [],
      outputSize: 0,
      writable: true,
      destroyed: false,
      _last: true,
      chunkedEncoding: false,
      shouldKeepAlive: true,
      maxRequestsOnConnectionReached: false,
      _defaultKeepAlive: true,
      useChunkedEncodingByDefault: false,
      sendDate: false,
      _removedConnection: false,
      _removedContLen: false,
      _removedTE: false,
      strictContentLength: false,
      _contentLength: 0,
      _hasBody: true,
      _trailer: '',
      finished: true,
      _headerSent: true,
      _closed: false,
      socket: [Socket],
      _header: 'GET /botusers?phone=5493515553529 HTTP/1.1\r\n' +
        'Accept: application/json, text/plain, */*\r\n' +
        'User-Agent: axios/1.13.2\r\n' +
        'Accept-Encoding: gzip, compress, deflate, br\r\n' +
        'Host: localhost:3000\r\n' +
        'Connection: keep-alive\r\n' +
        '\r\n',
      _keepAliveTimeout: 0,
      _onPendingData: [Function: nop],
      agent: [Agent],
      socketPath: undefined,
      method: 'GET',
      maxHeaderSize: undefined,
      insecureHTTPParser: undefined,
      joinDuplicateHeaders: undefined,
      path: '/botusers?phone=5493515553529',
      _ended: false,
      res: null,
      aborted: false,
      timeoutCb: [Function: emitRequestTimeout],
      upgradeOrConnect: false,
      parser: null,
      maxHeadersCount: null,
      reusedSocket: false,
      host: 'localhost',
      protocol: 'http:',
      _redirectable: [Circular *1],
      [Symbol(shapeMode)]: false,
      [Symbol(kCapture)]: false,
      [Symbol(kBytesWritten)]: 0,
      [Symbol(kNeedDrain)]: false,
      [Symbol(corked)]: 0,
      [Symbol(kOutHeaders)]: [Object: null prototype],
      [Symbol(errored)]: null,
      [Symbol(kHighWaterMark)]: 16384,
      [Symbol(kRejectNonStandardBodyWrites)]: false,
      [Symbol(kUniqueHeaders)]: null
    },
    _currentUrl: 'http://localhost:3000/botusers?phone=5493515553529',
    _timeout: null,
    [Symbol(shapeMode)]: true,
    [Symbol(kCapture)]: false
  },
  [cause]: AggregateError [ECONNREFUSED]: 
      at internalConnectMultiple (node:net:1122:18)
      at afterConnectMultiple (node:net:1689:7) {
    code: 'ECONNREFUSED',
    [errors]: [ [Error], [Error] ]
  }
}
[2025-12-12T13:40:12.833Z] Unhandled Rejection at: Promise {
  <rejected> AxiosError [AggregateError]: Error
      at AxiosError.from (file:///C:/Users/Joaquin/Desktop/bot2cc_emais/SigesBot-V3/node_modules/axios/lib/core/AxiosError.js:96:14)
      at RedirectableRequest.handleRequestError (file:///C:/Users/Joaquin/Desktop/bot2cc_emais/SigesBot-V3/node_modules/axios/lib/adapters/http.js:817:25)
      at RedirectableRequest.emit (node:events:524:28)
      at eventHandlers.<computed> (C:\Users\Joaquin\Desktop\bot2cc_emais\SigesBot-V3\node_modules\follow-redirects\index.js:49:24)
      at ClientRequest.emit (node:events:524:28)
      at emitErrorEvent (node:_http_client:101:11)
      at Socket.socketErrorListener (node:_http_client:504:5)
      at Socket.emit (node:events:524:28)
      at emitErrorNT (node:internal/streams/destroy:169:8)
      at emitErrorCloseNT (node:internal/streams/destroy:128:3)
      at Axios.request (file:///C:/Users/Joaquin/Desktop/bot2cc_emais/SigesBot-V3/node_modules/axios/lib/core/Axios.js:45:41)
      at process.processTicksAndRejections (node:internal/process/task_queues:95:5)
      at async validateUser (file:///C:/Users/Joaquin/Desktop/bot2cc_emais/SigesBot-V3/api/apiUsuarios.js:13:19)
      at async Object.ans_da97e002-3a9d-4be6-9ab9-ea71fb5eb78f (file:///C:/Users/Joaquin/Desktop/bot2cc_emais/SigesBot-V3/flows/flujoPrincipal.js:14:20)
      at async runContext (C:\Users\Joaquin\Desktop\bot2cc_emais\SigesBot-V3\node_modules\@builderbot\bot\dist\index.cjs:14528:25)
      at async cbEveryCtx (C:\Users\Joaquin\Desktop\bot2cc_emais\SigesBot-V3\node_modules\@builderbot\bot\dist\index.cjs:14559:17)
      at async resolveCbEveryCtx (C:\Users\Joaquin\Desktop\bot2cc_emais\SigesBot-V3\node_modules\@builderbot\bot\dist\index.cjs:14489:33)
      at async Object.promiseInFunc (C:\Users\Joaquin\Desktop\bot2cc_emais\SigesBot-V3\node_modules\@builderbot\bot\dist\index.cjs:14340:25)
      at async Queue.processItem (C:\Users\Joaquin\Desktop\bot2cc_emais\SigesBot-V3\node_modules\@builderbot\bot\dist\index.cjs:802:27)
      at async Promise.all (index 0) {
    code: 'ECONNREFUSED',
    errors: [ [Error], [Error] ],
    config: {
      transitional: [Object],
      adapter: [Array],
      transformRequest: [Array],
      transformResponse: [Array],
      timeout: 0,
      xsrfCookieName: 'XSRF-TOKEN',
      xsrfHeaderName: 'X-XSRF-TOKEN',
      maxContentLength: -1,
      maxBodyLength: -1,
      env: [Object],
      validateStatus: [Function: validateStatus],
      headers: [Object [AxiosHeaders]],
      method: 'get',
      url: 'http://localhost:3000/botusers?phone=5493515553529',
      allowAbsoluteUrls: true,
      data: undefined
    },
    request: Writable {
      _events: [Object],
      _writableState: [WritableState],
      _maxListeners: undefined,
      _options: [Object],
      _ended: true,
      _ending: true,
      _redirectCount: 0,
      _redirects: [],
      _requestBodyLength: 0,
      _requestBodyBuffers: [],
      _eventsCount: 3,
      _onNativeResponse: [Function (anonymous)],
      _currentRequest: [ClientRequest],
      _currentUrl: 'http://localhost:3000/botusers?phone=5493515553529',
      _timeout: null,
      [Symbol(shapeMode)]: true,
      [Symbol(kCapture)]: false
    },
    [cause]: AggregateError [ECONNREFUSED]: 
        at internalConnectMultiple (node:net:1122:18)
        at afterConnectMultiple (node:net:1689:7) {
      code: 'ECONNREFUSED',
      [errors]: [Array]
    }
  }
} reason: AxiosError [AggregateError]: Error
    at AxiosError.from (file:///C:/Users/Joaquin/Desktop/bot2cc_emais/SigesBot-V3/node_modules/axios/lib/core/AxiosError.js:96:14)
    at RedirectableRequest.handleRequestError (file:///C:/Users/Joaquin/Desktop/bot2cc_emais/SigesBot-V3/node_modules/axios/lib/adapters/http.js:817:25)
    at RedirectableRequest.emit (node:events:524:28)
    at eventHandlers.<computed> (C:\Users\Joaquin\Desktop\bot2cc_emais\SigesBot-V3\node_modules\follow-redirects\index.js:49:24)
    at ClientRequest.emit (node:events:524:28)
    at emitErrorEvent (node:_http_client:101:11)
    at Socket.socketErrorListener (node:_http_client:504:5)
    at Socket.emit (node:events:524:28)
    at emitErrorNT (node:internal/streams/destroy:169:8)
    at emitErrorCloseNT (node:internal/streams/destroy:128:3)
    at Axios.request (file:///C:/Users/Joaquin/Desktop/bot2cc_emais/SigesBot-V3/node_modules/axios/lib/core/Axios.js:45:41)
    at process.processTicksAndRejections (node:internal/process/task_queues:95:5)
    at async validateUser (file:///C:/Users/Joaquin/Desktop/bot2cc_emais/SigesBot-V3/api/apiUsuarios.js:13:19)
    at async Object.ans_da97e002-3a9d-4be6-9ab9-ea71fb5eb78f (file:///C:/Users/Joaquin/Desktop/bot2cc_emais/SigesBot-V3/flows/flujoPrincipal.js:14:20)
    at async runContext (C:\Users\Joaquin\Desktop\bot2cc_emais\SigesBot-V3\node_modules\@builderbot\bot\dist\index.cjs:14528:25)
    at async cbEveryCtx (C:\Users\Joaquin\Desktop\bot2cc_emais\SigesBot-V3\node_modules\@builderbot\bot\dist\index.cjs:14559:17)
    at async resolveCbEveryCtx (C:\Users\Joaquin\Desktop\bot2cc_emais\SigesBot-V3\node_modules\@builderbot\bot\dist\index.cjs:14489:33)
    at async Object.promiseInFunc (C:\Users\Joaquin\Desktop\bot2cc_emais\SigesBot-V3\node_modules\@builderbot\bot\dist\index.cjs:14340:25)
    at async Queue.processItem (C:\Users\Joaquin\Desktop\bot2cc_emais\SigesBot-V3\node_modules\@builderbot\bot\dist\index.cjs:802:27)
    at async Promise.all (index 0) {
  code: 'ECONNREFUSED',
  errors: [
    Error: connect ECONNREFUSED ::1:3000
        at createConnectionError (node:net:1652:14)
        at afterConnectMultiple (node:net:1682:16) {
      errno: -4078,
      code: 'ECONNREFUSED',
      syscall: 'connect',
      address: '::1',
      port: 3000
    },
    Error: connect ECONNREFUSED 127.0.0.1:3000
        at createConnectionError (node:net:1652:14)
        at afterConnectMultiple (node:net:1682:16) {
      errno: -4078,
      code: 'ECONNREFUSED',
      syscall: 'connect',
      address: '127.0.0.1',
      port: 3000
    }
  ],
  config: {
    transitional: {
      silentJSONParsing: true,
      forcedJSONParsing: true,
      clarifyTimeoutError: false
    },
    adapter: [ 'xhr', 'http', 'fetch' ],
    transformRequest: [ [Function: transformRequest] ],
    transformResponse: [ [Function: transformResponse] ],
    timeout: 0,
    xsrfCookieName: 'XSRF-TOKEN',
    xsrfHeaderName: 'X-XSRF-TOKEN',
    maxContentLength: -1,
    maxBodyLength: -1,
    env: { FormData: [Function], Blob: [class Blob] },
    validateStatus: [Function: validateStatus],
    headers: Object [AxiosHeaders] {
      Accept: 'application/json, text/plain, */*',
      'Content-Type': undefined,
      'User-Agent': 'axios/1.13.2',
      'Accept-Encoding': 'gzip, compress, deflate, br'
    },
    method: 'get',
    url: 'http://localhost:3000/botusers?phone=5493515553529',
    allowAbsoluteUrls: true,
    data: undefined
  },
  request: <ref *1> Writable {
    _events: {
      close: undefined,
      error: [Function: handleRequestError],
      prefinish: undefined,
      finish: undefined,
      drain: undefined,
      response: [Function: handleResponse],
      socket: [Array],
      abort: undefined
    },
    _writableState: WritableState {
      highWaterMark: 16384,
      length: 0,
      corked: 0,
      onwrite: [Function: bound onwrite],
      writelen: 0,
      bufferedIndex: 0,
      pendingcb: 0,
      [Symbol(kState)]: 17580812,
      [Symbol(kBufferedValue)]: null
    },
    _maxListeners: undefined,
    _options: {
      maxRedirects: 21,
      maxBodyLength: Infinity,
      protocol: 'http:',
      path: '/botusers?phone=5493515553529',
      method: 'GET',
      headers: [Object: null prototype],
      agents: [Object],
      auth: undefined,
      family: undefined,
      beforeRedirect: [Function: dispatchBeforeRedirect],
      beforeRedirects: [Object],
      http2Options: undefined,
      hostname: 'localhost',
      port: '3000',
      agent: undefined,
      nativeProtocols: [Object],
      pathname: '/botusers',
      search: '?phone=5493515553529'
    },
    _ended: true,
    _ending: true,
    _redirectCount: 0,
    _redirects: [],
    _requestBodyLength: 0,
    _requestBodyBuffers: [],
    _eventsCount: 3,
    _onNativeResponse: [Function (anonymous)],
    _currentRequest: ClientRequest {
      _events: [Object: null prototype],
      _eventsCount: 7,
      _maxListeners: undefined,
      outputData: [],
      outputSize: 0,
      writable: true,
      destroyed: false,
      _last: true,
      chunkedEncoding: false,
      shouldKeepAlive: true,
      maxRequestsOnConnectionReached: false,
      _defaultKeepAlive: true,
      useChunkedEncodingByDefault: false,
      sendDate: false,
      _removedConnection: false,
      _removedContLen: false,
      _removedTE: false,
      strictContentLength: false,
      _contentLength: 0,
      _hasBody: true,
      _trailer: '',
      finished: true,
      _headerSent: true,
      _closed: false,
      socket: [Socket],
      _header: 'GET /botusers?phone=5493515553529 HTTP/1.1\r\n' +
        'Accept: application/json, text/plain, */*\r\n' +
        'User-Agent: axios/1.13.2\r\n' +
        'Accept-Encoding: gzip, compress, deflate, br\r\n' +
        'Host: localhost:3000\r\n' +
        'Connection: keep-alive\r\n' +
        '\r\n',
      _keepAliveTimeout: 0,
      _onPendingData: [Function: nop],
      agent: [Agent],
      socketPath: undefined,
      method: 'GET',
      maxHeaderSize: undefined,
      insecureHTTPParser: undefined,
      joinDuplicateHeaders: undefined,
      path: '/botusers?phone=5493515553529',
      _ended: false,
      res: null,
      aborted: false,
      timeoutCb: [Function: emitRequestTimeout],
      upgradeOrConnect: false,
      parser: null,
      maxHeadersCount: null,
      reusedSocket: false,
      host: 'localhost',
      protocol: 'http:',
      _redirectable: [Circular *1],
      [Symbol(shapeMode)]: false,
      [Symbol(kCapture)]: false,
      [Symbol(kBytesWritten)]: 0,
      [Symbol(kNeedDrain)]: false,
      [Symbol(corked)]: 0,
      [Symbol(kOutHeaders)]: [Object: null prototype],
      [Symbol(errored)]: null,
      [Symbol(kHighWaterMark)]: 16384,
      [Symbol(kRejectNonStandardBodyWrites)]: false,
      [Symbol(kUniqueHeaders)]: null
    },
    _currentUrl: 'http://localhost:3000/botusers?phone=5493515553529',
    _timeout: null,
    [Symbol(shapeMode)]: true,
    [Symbol(kCapture)]: false
  },
  [cause]: AggregateError [ECONNREFUSED]: 
      at internalConnectMultiple (node:net:1122:18)
      at afterConnectMultiple (node:net:1689:7) {
    code: 'ECONNREFUSED',
    [errors]: [ [Error], [Error] ]
  }
}
[2025-12-12T13:44:10.640Z] Iniciando limpieza de recursos...
